h:\eggfall_vs\eggfall_vs\x64\debug\vc140.pdb
h:\eggfall_vs\eggfall_vs\x64\debug\vc140.idb
h:\eggfall_vs\eggfall_vs\x64\debug\tinyxmlerror.obj
h:\eggfall_vs\eggfall_vs\x64\debug\tinyxmlparser.obj
h:\eggfall_vs\eggfall_vs\x64\debug\box2dtools.obj
h:\eggfall_vs\eggfall_vs\x64\debug\files.obj
h:\eggfall_vs\eggfall_vs\x64\debug\graph.obj
h:\eggfall_vs\eggfall_vs\x64\debug\input.obj
h:\eggfall_vs\eggfall_vs\x64\debug\mapreader.obj
h:\eggfall_vs\eggfall_vs\x64\debug\settings.obj
h:\eggfall_vs\eggfall_vs\x64\debug\utils.obj
h:\eggfall_vs\eggfall_vs\x64\debug\xmlreader.obj
h:\eggfall_vs\eggfall_vs\x64\debug\keyboardkey.obj
h:\eggfall_vs\eggfall_vs\x64\debug\playerhud.obj
h:\eggfall_vs\eggfall_vs\x64\debug\scoremanager.obj
h:\eggfall_vs\eggfall_vs\x64\debug\maingame.obj
h:\eggfall_vs\eggfall_vs\x64\debug\heroselector.obj
h:\eggfall_vs\eggfall_vs\x64\debug\menuheroselector.obj
h:\eggfall_vs\eggfall_vs\x64\debug\menulist.obj
h:\eggfall_vs\eggfall_vs\x64\debug\menuoptions.obj
h:\eggfall_vs\eggfall_vs\x64\debug\menupad.obj
h:\eggfall_vs\eggfall_vs\x64\debug\menuselector.obj
h:\eggfall_vs\eggfall_vs\x64\debug\editorbridgemodule.obj
h:\eggfall_vs\eggfall_vs\x64\debug\editorgroundmodule.obj
h:\eggfall_vs\eggfall_vs\x64\debug\editorplatformmodule.obj
h:\eggfall_vs\eggfall_vs\x64\debug\animation.obj
h:\eggfall_vs\eggfall_vs\x64\debug\colorscheme.obj
h:\eggfall_vs\eggfall_vs\x64\debug\effectobj.obj
h:\eggfall_vs\eggfall_vs\x64\debug\effects.obj
h:\eggfall_vs\eggfall_vs\x64\debug\sound.obj
h:\eggfall_vs\eggfall_vs\x64\debug\grass.obj
h:\eggfall_vs\eggfall_vs\x64\debug\teeterlamp.obj
h:\eggfall_vs\eggfall_vs\x64\debug\teeter.obj
h:\eggfall_vs\eggfall_vs\x64\debug\teetertree.obj
h:\eggfall_vs\eggfall_vs\x64\debug\maps.obj
h:\eggfall_vs\eggfall_vs\x64\debug\bridge.obj
h:\eggfall_vs\eggfall_vs\x64\debug\scalableplatform.obj
h:\eggfall_vs\eggfall_vs\x64\debug\main.obj
h:\eggfall_vs\eggfall_vs\x64\debug\projectiles.obj
h:\eggfall_vs\eggfall_vs\x64\debug\projectileobj.obj
h:\eggfall_vs\eggfall_vs\x64\debug\tinystr.obj
h:\eggfall_vs\eggfall_vs\x64\debug\tinyxml.obj
h:\eggfall_vs\eggfall_vs\x64\debug\ai.obj
h:\eggfall_vs\eggfall_vs\x64\debug\hero.obj
h:\eggfall_vs\eggfall_vs\x64\debug\wizard.obj
h:\eggfall_vs\eggfall_vs\x64\debug\editor.obj
h:\eggfall_vs\x64\debug\eggfall_vs.ilk
h:\eggfall_vs\x64\debug\eggfall_vs.exe
h:\eggfall_vs\x64\debug\eggfall_vs.pdb
h:\eggfall_vs\eggfall_vs\x64\debug\eggfall_vs.res
d:\projets c++\eggfall_vs\eggfall_vs\x64\debug\ai.obj
d:\projets c++\eggfall_vs\eggfall_vs\x64\debug\animation.obj
d:\projets c++\eggfall_vs\eggfall_vs\x64\debug\box2dtools.obj
d:\projets c++\eggfall_vs\eggfall_vs\x64\debug\bridge.obj
d:\projets c++\eggfall_vs\eggfall_vs\x64\debug\colorscheme.obj
d:\projets c++\eggfall_vs\eggfall_vs\x64\debug\editor.obj
d:\projets c++\eggfall_vs\eggfall_vs\x64\debug\editorbridgemodule.obj
d:\projets c++\eggfall_vs\eggfall_vs\x64\debug\editorgroundmodule.obj
d:\projets c++\eggfall_vs\eggfall_vs\x64\debug\editorplatformmodule.obj
d:\projets c++\eggfall_vs\eggfall_vs\x64\debug\effectobj.obj
d:\projets c++\eggfall_vs\eggfall_vs\x64\debug\effects.obj
d:\projets c++\eggfall_vs\eggfall_vs\x64\debug\files.obj
d:\projets c++\eggfall_vs\eggfall_vs\x64\debug\graph.obj
d:\projets c++\eggfall_vs\eggfall_vs\x64\debug\grass.obj
d:\projets c++\eggfall_vs\eggfall_vs\x64\debug\hero.obj
d:\projets c++\eggfall_vs\eggfall_vs\x64\debug\heroselector.obj
d:\projets c++\eggfall_vs\eggfall_vs\x64\debug\input.obj
d:\projets c++\eggfall_vs\eggfall_vs\x64\debug\keyboardkey.obj
d:\projets c++\eggfall_vs\eggfall_vs\x64\debug\main.obj
d:\projets c++\eggfall_vs\eggfall_vs\x64\debug\maingame.obj
d:\projets c++\eggfall_vs\eggfall_vs\x64\debug\mapreader.obj
d:\projets c++\eggfall_vs\eggfall_vs\x64\debug\maps.obj
d:\projets c++\eggfall_vs\eggfall_vs\x64\debug\menuheroselector.obj
d:\projets c++\eggfall_vs\eggfall_vs\x64\debug\menulist.obj
d:\projets c++\eggfall_vs\eggfall_vs\x64\debug\menuoptions.obj
d:\projets c++\eggfall_vs\eggfall_vs\x64\debug\menupad.obj
d:\projets c++\eggfall_vs\eggfall_vs\x64\debug\menuselector.obj
d:\projets c++\eggfall_vs\eggfall_vs\x64\debug\playerhud.obj
d:\projets c++\eggfall_vs\eggfall_vs\x64\debug\projectileobj.obj
d:\projets c++\eggfall_vs\eggfall_vs\x64\debug\projectiles.obj
d:\projets c++\eggfall_vs\eggfall_vs\x64\debug\scalableplatform.obj
d:\projets c++\eggfall_vs\eggfall_vs\x64\debug\scoremanager.obj
d:\projets c++\eggfall_vs\eggfall_vs\x64\debug\settings.obj
d:\projets c++\eggfall_vs\eggfall_vs\x64\debug\sound.obj
d:\projets c++\eggfall_vs\eggfall_vs\x64\debug\teeter.obj
d:\projets c++\eggfall_vs\eggfall_vs\x64\debug\teeterlamp.obj
d:\projets c++\eggfall_vs\eggfall_vs\x64\debug\teetertree.obj
d:\projets c++\eggfall_vs\eggfall_vs\x64\debug\tinystr.obj
d:\projets c++\eggfall_vs\eggfall_vs\x64\debug\tinyxml.obj
d:\projets c++\eggfall_vs\eggfall_vs\x64\debug\tinyxmlerror.obj
d:\projets c++\eggfall_vs\eggfall_vs\x64\debug\tinyxmlparser.obj
d:\projets c++\eggfall_vs\eggfall_vs\x64\debug\utils.obj
d:\projets c++\eggfall_vs\eggfall_vs\x64\debug\wizard.obj
d:\projets c++\eggfall_vs\eggfall_vs\x64\debug\xmlreader.obj
d:\projets c++\eggfall_vs\eggfall_vs\x64\debug\eggfall_vs.res
d:\projets c++\eggfall_vs\eggfall_vs\x64\debug\vc140.idb
d:\projets c++\eggfall_vs\eggfall_vs\x64\debug\vc140.pdb
d:\projets c++\eggfall_vs\x64\debug\eggfall_vs.pdb
d:\projets c++\eggfall_vs\x64\debug\eggfall_vs.exe
d:\projets c++\eggfall_vs\x64\debug\eggfall_vs.ilk
d:\projets c++\eggfall_vs\eggfall_vs\x64\debug\eggfall_vs.tlog\cl.command.1.tlog
d:\projets c++\eggfall_vs\eggfall_vs\x64\debug\eggfall_vs.tlog\cl.read.1.tlog
d:\projets c++\eggfall_vs\eggfall_vs\x64\debug\eggfall_vs.tlog\cl.write.1.tlog
d:\projets c++\eggfall_vs\eggfall_vs\x64\debug\eggfall_vs.tlog\link.command.1.tlog
d:\projets c++\eggfall_vs\eggfall_vs\x64\debug\eggfall_vs.tlog\link.read.1.tlog
d:\projets c++\eggfall_vs\eggfall_vs\x64\debug\eggfall_vs.tlog\link.write.1.tlog
d:\projets c++\eggfall_vs\eggfall_vs\x64\debug\eggfall_vs.tlog\rc.command.1.tlog
d:\projets c++\eggfall_vs\eggfall_vs\x64\debug\eggfall_vs.tlog\rc.read.1.tlog
d:\projets c++\eggfall_vs\eggfall_vs\x64\debug\eggfall_vs.tlog\rc.write.1.tlog
